INFO  08:54:54,316 HelpFormatter - -------------------------------------------------------------------------------- 
INFO  08:54:54,319 HelpFormatter - The Genome Analysis Toolkit (GATK) v3.4-0-g7e26428, Compiled 2015/05/15 03:25:41 
INFO  08:54:54,320 HelpFormatter - Copyright (c) 2010 The Broad Institute 
INFO  08:54:54,320 HelpFormatter - For support and documentation go to http://www.broadinstitute.org/gatk 
INFO  08:54:54,323 HelpFormatter - Program Args: -T CombineVariants -R /work/thrash/shane.gossypiumD.annex//db/G.raimondii_JGI_221_v2.0.assembly.normalized.fasta --variant ../join/all.PASS_snp.Chr_01.vcf --variant ../join/all.PASS_snp.Chr_02.vcf --variant ../join/all.PASS_snp.Chr_03.vcf --variant ../join/all.PASS_snp.Chr_04.vcf --variant ../join/all.PASS_snp.Chr_05.vcf --variant ../join/all.PASS_snp.Chr_06.vcf --variant ../join/all.PASS_snp.Chr_07.vcf --variant ../join/all.PASS_snp.Chr_08.vcf --variant ../join/all.PASS_snp.Chr_09.vcf --variant ../join/all.PASS_snp.Chr_10.vcf --variant ../join/all.PASS_snp.Chr_11.vcf --variant ../join/all.PASS_snp.Chr_12.vcf --variant ../join/all.PASS_snp.Chr_13.vcf --out all.PASS_snp.vcf -genotypeMergeOptions UNIQUIFY --minimalVCF 
INFO  08:54:54,335 HelpFormatter - Executing as thrash@shadow-0225 on Linux 2.6.32-431.20.5.el6.x86_64 amd64; Java HotSpot(TM) 64-Bit Server VM 1.8.0_92-b14. 
INFO  08:54:54,336 HelpFormatter - Date/Time: 2017/12/18 08:54:54 
INFO  08:54:54,336 HelpFormatter - -------------------------------------------------------------------------------- 
INFO  08:54:54,336 HelpFormatter - -------------------------------------------------------------------------------- 
INFO  08:54:55,029 GenomeAnalysisEngine - Strictness is SILENT 
INFO  08:54:55,403 GenomeAnalysisEngine - Downsampling Settings: Method: BY_SAMPLE, Target Coverage: 1000 
INFO  08:54:56,940 GenomeAnalysisEngine - Preparing for traversal 
INFO  08:54:56,944 GenomeAnalysisEngine - Done preparing for traversal 
INFO  08:54:56,944 ProgressMeter - [INITIALIZATION COMPLETE; STARTING PROCESSING] 
INFO  08:54:56,945 ProgressMeter -                 | processed |    time |    per 1M |           |   total | remaining 
INFO  08:54:56,945 ProgressMeter -        Location |     sites | elapsed |     sites | completed | runtime |   runtime 
INFO  08:55:26,952 ProgressMeter -   Chr01:1561272    106023.0    30.0 s       4.7 m        0.2%     4.1 h       4.1 h 
INFO  08:55:56,953 ProgressMeter -   Chr01:3276854    328902.0    60.0 s       3.0 m        0.4%     3.9 h       3.9 h 
INFO  08:56:26,956 ProgressMeter -   Chr01:5052925    537618.0    90.0 s       2.8 m        0.7%     3.8 h       3.7 h 
INFO  08:56:56,957 ProgressMeter -   Chr01:6829262    641497.0   120.0 s       3.1 m        0.9%     3.7 h       3.7 h 
INFO  08:57:26,958 ProgressMeter -   Chr01:8659301    847192.0     2.5 m       3.0 m        1.1%     3.7 h       3.6 h 
INFO  08:57:56,959 ProgressMeter -  Chr01:10312532   1059510.0     3.0 m       2.8 m        1.4%     3.7 h       3.6 h 
INFO  08:58:26,960 ProgressMeter -  Chr01:12017644   1280073.0     3.5 m       2.7 m        1.6%     3.7 h       3.6 h 
INFO  08:58:56,961 ProgressMeter -  Chr01:13754542   1384130.0     4.0 m       2.9 m        1.8%     3.7 h       3.6 h 
INFO  08:59:26,962 ProgressMeter -  Chr01:15349104   1608818.0     4.5 m       2.8 m        2.0%     3.7 h       3.6 h 
INFO  08:59:56,963 ProgressMeter -  Chr01:16865780   1728661.0     5.0 m       2.9 m        2.2%     3.8 h       3.7 h 
INFO  09:00:26,967 ProgressMeter -  Chr01:18313445   1978332.0     5.5 m       2.8 m        2.4%     3.8 h       3.7 h 
INFO  09:00:56,967 ProgressMeter -  Chr01:19851926   2106581.0     6.0 m       2.8 m        2.6%     3.8 h       3.7 h 
INFO  09:01:26,968 ProgressMeter -  Chr01:21308692   2350503.0     6.5 m       2.8 m        2.8%     3.9 h       3.8 h 
INFO  09:01:56,969 ProgressMeter -  Chr01:22812230   2479000.0     7.0 m       2.8 m        3.0%     3.9 h       3.8 h 
INFO  09:02:26,971 ProgressMeter -  Chr01:24933343   2624648.0     7.5 m       2.9 m        3.3%     3.8 h       3.7 h 
INFO  09:02:57,001 ProgressMeter -  Chr01:26244646   2888813.0     8.0 m       2.8 m        3.4%     3.9 h       3.7 h 
INFO  09:03:27,002 ProgressMeter -  Chr01:27515393   3033659.0     8.5 m       2.8 m        3.6%     3.9 h       3.8 h 
INFO  09:03:57,007 ProgressMeter -  Chr01:28902120   3165123.0     9.0 m       2.8 m        3.8%     4.0 h       3.8 h 
INFO  09:04:27,008 ProgressMeter -  Chr01:30347036   3417661.0     9.5 m       2.8 m        4.0%     4.0 h       3.8 h 
INFO  09:04:57,010 ProgressMeter -  Chr01:31894926   3518609.0    10.0 m       2.8 m        4.2%     4.0 h       3.8 h 
INFO  09:05:27,011 ProgressMeter -  Chr01:33184062   3797908.0    10.5 m       2.8 m        4.4%     4.0 h       3.8 h 
INFO  09:05:57,012 ProgressMeter -  Chr01:34508813   3936474.0    11.0 m       2.8 m        4.5%     4.0 h       3.9 h 
INFO  09:06:27,013 ProgressMeter -  Chr01:35938518   4070173.0    11.5 m       2.8 m        4.7%     4.1 h       3.9 h 
INFO  09:06:57,015 ProgressMeter -  Chr01:38119375   4352904.0    12.0 m       2.8 m        5.0%     4.0 h       3.8 h 
INFO  09:07:27,016 ProgressMeter -  Chr01:39505721   4480192.0    12.5 m       2.8 m        5.2%     4.0 h       3.8 h 
INFO  09:07:57,018 ProgressMeter -  Chr01:40834673   4611185.0    13.0 m       2.8 m        5.4%     4.0 h       3.8 h 
INFO  09:08:27,019 ProgressMeter -  Chr01:42330416   4872722.0    13.5 m       2.8 m        5.6%     4.0 h       3.8 h 
INFO  09:08:57,021 ProgressMeter -  Chr01:43586038   5006760.0    14.0 m       2.8 m        5.7%     4.1 h       3.8 h 
INFO  09:09:27,022 ProgressMeter -  Chr01:45028366   5269420.0    14.5 m       2.8 m        5.9%     4.1 h       3.8 h 
INFO  09:10:07,023 ProgressMeter -  Chr01:47231095   5490299.0    15.2 m       2.8 m        6.2%     4.1 h       3.8 h 
INFO  09:10:37,024 ProgressMeter -  Chr01:48819349   5602379.0    15.7 m       2.8 m        6.4%     4.1 h       3.8 h 
INFO  09:11:07,026 ProgressMeter -  Chr01:50146878   5855811.0    16.2 m       2.8 m        6.6%     4.1 h       3.8 h 
INFO  09:11:37,028 ProgressMeter -  Chr01:51471646   5997006.0    16.7 m       2.8 m        6.8%     4.1 h       3.8 h 
INFO  09:12:07,029 ProgressMeter -  Chr01:53031505   6234183.0    17.2 m       2.8 m        7.0%     4.1 h       3.8 h 
INFO  09:12:37,031 ProgressMeter -  Chr01:54666553   6342897.0    17.7 m       2.8 m        7.2%     4.1 h       3.8 h 
INFO  09:13:07,032 ProgressMeter -    Chr02:880388   6508145.0    18.2 m       2.8 m        7.5%     4.1 h       3.8 h 
INFO  09:13:37,034 ProgressMeter -   Chr02:2476419   6727804.0    18.7 m       2.8 m        7.7%     4.1 h       3.7 h 
INFO  09:14:07,035 ProgressMeter -   Chr02:4252319   6936716.0    19.2 m       2.8 m        7.9%     4.0 h       3.7 h 
INFO  09:14:37,037 ProgressMeter -   Chr02:5781104   7044745.0    19.7 m       2.8 m        8.1%     4.0 h       3.7 h 
INFO  09:15:07,038 ProgressMeter -   Chr02:7439843   7285837.0    20.2 m       2.8 m        8.3%     4.0 h       3.7 h 
INFO  09:15:37,040 ProgressMeter -   Chr02:9212470   7484803.0    20.7 m       2.8 m        8.5%     4.0 h       3.7 h 
INFO  09:16:07,041 ProgressMeter -  Chr02:11004972   7691277.0    21.2 m       2.8 m        8.8%     4.0 h       3.7 h 
INFO  09:16:37,043 ProgressMeter -  Chr02:12629958   7805592.0    21.7 m       2.8 m        9.0%     4.0 h       3.7 h 
INFO  09:17:07,044 ProgressMeter -  Chr02:14238027   8032834.0    22.2 m       2.8 m        9.2%     4.0 h       3.6 h 
INFO  09:17:37,045 ProgressMeter -  Chr02:15711344   8159588.0    22.7 m       2.8 m        9.4%     4.0 h       3.6 h 
INFO  09:18:07,046 ProgressMeter -  Chr02:17332538   8392626.0    23.2 m       2.8 m        9.6%     4.0 h       3.6 h 
INFO  09:18:37,048 ProgressMeter -  Chr02:18890527   8512210.0    23.7 m       2.8 m        9.8%     4.0 h       3.6 h 
INFO  09:19:07,049 ProgressMeter -  Chr02:20426571   8755184.0    24.2 m       2.8 m       10.0%     4.0 h       3.6 h 
INFO  09:19:37,051 ProgressMeter -  Chr02:21839768   8880470.0    24.7 m       2.8 m       10.2%     4.0 h       3.6 h 
INFO  09:20:07,052 ProgressMeter -  Chr02:23228116   9147173.0    25.2 m       2.8 m       10.4%     4.0 h       3.6 h 
INFO  09:20:37,056 ProgressMeter -  Chr02:24560686   9288532.0    25.7 m       2.8 m       10.6%     4.0 h       3.6 h 
INFO  09:21:07,057 ProgressMeter -  Chr02:25998073   9427463.0    26.2 m       2.8 m       10.8%     4.1 h       3.6 h 
INFO  09:21:37,058 ProgressMeter -  Chr02:27471338   9682201.0    26.7 m       2.8 m       10.9%     4.1 h       3.6 h 
INFO  09:22:07,059 ProgressMeter -  Chr02:28914410   9817686.0    27.2 m       2.8 m       11.1%     4.1 h       3.6 h 
INFO  09:22:47,060 ProgressMeter -  Chr02:31096568   1.0167984E7    27.8 m       2.7 m       11.4%     4.1 h       3.6 h 
INFO  09:23:17,061 ProgressMeter -  Chr02:32494597   1.0301285E7    28.3 m       2.8 m       11.6%     4.1 h       3.6 h 
INFO  09:23:47,063 ProgressMeter -  Chr02:33963871   1.0430296E7    28.8 m       2.8 m       11.8%     4.1 h       3.6 h 
INFO  09:24:17,064 ProgressMeter -  Chr02:35364303   1.0690563E7    29.3 m       2.7 m       12.0%     4.1 h       3.6 h 
INFO  09:24:47,065 ProgressMeter -  Chr02:36916737   1.0825201E7    29.8 m       2.8 m       12.2%     4.1 h       3.6 h 
INFO  09:25:17,067 ProgressMeter -  Chr02:39034858   1.1106233E7    30.3 m       2.7 m       12.5%     4.1 h       3.6 h 
INFO  09:25:47,068 ProgressMeter -  Chr02:40490857   1.1232375E7    30.8 m       2.7 m       12.7%     4.1 h       3.5 h 
INFO  09:26:17,069 ProgressMeter -  Chr02:42165195   1.1464307E7    31.3 m       2.7 m       12.9%     4.1 h       3.5 h 
INFO  09:26:47,071 ProgressMeter -  Chr02:43519176   1.16012E7    31.8 m       2.7 m       13.1%     4.1 h       3.5 h 
INFO  09:27:17,072 ProgressMeter -  Chr02:44957022   1.1729792E7    32.3 m       2.8 m       13.2%     4.1 h       3.5 h 
INFO  09:27:47,074 ProgressMeter -  Chr02:46311165   1.1989241E7    32.8 m       2.7 m       13.4%     4.1 h       3.5 h 
INFO  09:28:17,075 ProgressMeter -  Chr02:47781366   1.2135175E7    33.3 m       2.7 m       13.6%     4.1 h       3.5 h 
INFO  09:28:47,076 ProgressMeter -  Chr02:49164741   1.2390649E7    33.8 m       2.7 m       13.8%     4.1 h       3.5 h 
INFO  09:29:17,077 ProgressMeter -  Chr02:50572940   1.2513543E7    34.3 m       2.7 m       14.0%     4.1 h       3.5 h 
INFO  09:29:47,079 ProgressMeter -  Chr02:51837498   1.2658918E7    34.8 m       2.8 m       14.1%     4.1 h       3.5 h 
INFO  09:30:17,080 ProgressMeter -  Chr02:53203910   1.29359E7    35.3 m       2.7 m       14.3%     4.1 h       3.5 h 
INFO  09:30:47,081 ProgressMeter -  Chr02:54993762   1.3060136E7    35.8 m       2.7 m       14.6%     4.1 h       3.5 h 
INFO  09:31:17,086 ProgressMeter -  Chr02:56722246   1.3262918E7    36.3 m       2.7 m       14.8%     4.1 h       3.5 h 
INFO  09:31:47,087 ProgressMeter -  Chr02:58295318   1.3494093E7    36.8 m       2.7 m       15.0%     4.1 h       3.5 h 
INFO  09:32:17,087 ProgressMeter -  Chr02:60055967   1.3715416E7    37.3 m       2.7 m       15.2%     4.1 h       3.5 h 
INFO  09:32:47,091 ProgressMeter -  Chr02:61776025   1.3828693E7    37.8 m       2.7 m       15.5%     4.1 h       3.5 h 
INFO  09:33:17,093 ProgressMeter -    Chr03:782663   1.4020092E7    38.3 m       2.7 m       15.7%     4.1 h       3.4 h 
INFO  09:33:47,093 ProgressMeter -   Chr03:2583568   1.4233616E7    38.8 m       2.7 m       15.9%     4.1 h       3.4 h 
INFO  09:34:17,094 ProgressMeter -   Chr03:4290439   1.445002E7    39.3 m       2.7 m       16.1%     4.1 h       3.4 h 
INFO  09:34:47,095 ProgressMeter -   Chr03:6031595   1.4669422E7    39.8 m       2.7 m       16.4%     4.1 h       3.4 h 
INFO  09:35:17,096 ProgressMeter -   Chr03:7620738   1.4775763E7    40.3 m       2.7 m       16.6%     4.1 h       3.4 h 
INFO  09:35:47,097 ProgressMeter -   Chr03:9117064   1.5031486E7    40.8 m       2.7 m       16.8%     4.1 h       3.4 h 
INFO  09:36:17,099 ProgressMeter -  Chr03:10455545   1.5178262E7    41.3 m       2.7 m       17.0%     4.1 h       3.4 h 
INFO  09:36:47,100 ProgressMeter -  Chr03:11831052   1.5300094E7    41.8 m       2.7 m       17.1%     4.1 h       3.4 h 
INFO  09:37:17,101 ProgressMeter -  Chr03:13146480   1.5583932E7    42.3 m       2.7 m       17.3%     4.1 h       3.4 h 
INFO  09:37:47,131 ProgressMeter -  Chr03:14551116   1.5717405E7    42.8 m       2.7 m       17.5%     4.1 h       3.4 h 
INFO  09:38:17,132 ProgressMeter -  Chr03:16704108   1.5927895E7    43.3 m       2.7 m       17.8%     4.1 h       3.3 h 
INFO  09:38:57,133 ProgressMeter -  Chr03:18666018   1.6142451E7    44.0 m       2.7 m       18.0%     4.1 h       3.3 h 
INFO  09:39:37,134 ProgressMeter -  Chr03:20508247   1.6411159E7    44.7 m       2.7 m       18.3%     4.1 h       3.3 h 
INFO  09:40:17,135 ProgressMeter -  Chr03:22770483   1.6672639E7    45.3 m       2.7 m       18.6%     4.1 h       3.3 h 
INFO  09:40:47,135 ProgressMeter -  Chr03:24596754   1.6877889E7    45.8 m       2.7 m       18.8%     4.1 h       3.3 h 
INFO  09:41:17,136 ProgressMeter -  Chr03:26087046   1.7103062E7    46.3 m       2.7 m       19.0%     4.1 h       3.3 h 
INFO  09:41:47,138 ProgressMeter -  Chr03:27949525   1.7194065E7    46.8 m       2.7 m       19.3%     4.1 h       3.3 h 
INFO  09:42:17,139 ProgressMeter -  Chr03:29557099   1.7424561E7    47.3 m       2.7 m       19.5%     4.1 h       3.3 h 
INFO  09:42:47,140 ProgressMeter -  Chr03:31043132   1.7666868E7    47.8 m       2.7 m       19.7%     4.1 h       3.3 h 
INFO  09:43:17,142 ProgressMeter -  Chr03:32480324   1.7792011E7    48.3 m       2.7 m       19.8%     4.1 h       3.3 h 
INFO  09:43:47,147 ProgressMeter -  Chr03:33926116   1.7920883E7    48.8 m       2.7 m       20.0%     4.1 h       3.2 h 
INFO  09:44:17,148 ProgressMeter -  Chr03:35429134   1.8174667E7    49.3 m       2.7 m       20.2%     4.1 h       3.2 h 
INFO  09:44:47,150 ProgressMeter -  Chr03:37018654   1.8412717E7    49.8 m       2.7 m       20.4%     4.1 h       3.2 h 
INFO  09:45:17,151 ProgressMeter -  Chr03:38804878   1.8514001E7    50.3 m       2.7 m       20.7%     4.1 h       3.2 h 
INFO  09:45:47,152 ProgressMeter -  Chr03:40495039   1.8731901E7    50.8 m       2.7 m       20.9%     4.1 h       3.2 h 
INFO  09:46:17,153 ProgressMeter -  Chr03:42137678   1.8957802E7    51.3 m       2.7 m       21.1%     4.1 h       3.2 h 
INFO  09:46:47,155 ProgressMeter -  Chr03:43882977   1.907094E7    51.8 m       2.7 m       21.3%     4.0 h       3.2 h 
INFO  09:47:17,156 ProgressMeter -  Chr03:45574862   1.9278691E7    52.3 m       2.7 m       21.6%     4.0 h       3.2 h 
INFO  09:47:47,157 ProgressMeter -   Chr04:1468763   1.9480822E7    52.8 m       2.7 m       21.8%     4.0 h       3.2 h 
INFO  09:48:17,158 ProgressMeter -   Chr04:3134880   1.9706692E7    53.3 m       2.7 m       22.0%     4.0 h       3.2 h 
INFO  09:48:47,160 ProgressMeter -   Chr04:4906302   1.980696E7    53.8 m       2.7 m       22.2%     4.0 h       3.1 h 
INFO  09:49:17,161 ProgressMeter -   Chr04:6599101   2.0022347E7    54.3 m       2.7 m       22.5%     4.0 h       3.1 h 
INFO  09:49:47,162 ProgressMeter -   Chr04:8112382   2.0264599E7    54.8 m       2.7 m       22.7%     4.0 h       3.1 h 
INFO  09:50:17,164 ProgressMeter -   Chr04:9594212   2.0395948E7    55.3 m       2.7 m       22.9%     4.0 h       3.1 h 
INFO  09:50:47,165 ProgressMeter -  Chr04:10944907   2.0515396E7    55.8 m       2.7 m       23.0%     4.0 h       3.1 h 
INFO  09:51:17,166 ProgressMeter -  Chr04:12434309   2.0781386E7    56.3 m       2.7 m       23.2%     4.0 h       3.1 h 
INFO  09:51:47,168 ProgressMeter -  Chr04:13934294   2.0916474E7    56.8 m       2.7 m       23.4%     4.0 h       3.1 h 
INFO  09:52:17,170 ProgressMeter -  Chr04:15422000   2.1160234E7    57.3 m       2.7 m       23.6%     4.0 h       3.1 h 
INFO  09:52:47,171 ProgressMeter -  Chr04:16872464   2.1283242E7    57.8 m       2.7 m       23.8%     4.0 h       3.1 h 
INFO  09:53:17,172 ProgressMeter -  Chr04:18176962   2.1557048E7    58.3 m       2.7 m       24.0%     4.1 h       3.1 h 
INFO  09:53:47,173 ProgressMeter -  Chr04:19658648   2.1681972E7    58.8 m       2.7 m       24.2%     4.1 h       3.1 h 
INFO  09:54:17,174 ProgressMeter -  Chr04:21170483   2.1939252E7    59.3 m       2.7 m       24.4%     4.1 h       3.1 h 
INFO  09:54:47,175 ProgressMeter -  Chr04:22605340   2.2066347E7    59.8 m       2.7 m       24.6%     4.1 h       3.1 h 
INFO  09:55:17,176 ProgressMeter -  Chr04:24476480   2.2321027E7    60.3 m       2.7 m       24.8%     4.1 h       3.0 h 
INFO  09:55:47,177 ProgressMeter -  Chr04:26217471   2.2492075E7    60.8 m       2.7 m       25.0%     4.0 h       3.0 h 
INFO  09:56:27,178 ProgressMeter -  Chr04:28478411   2.2714571E7    61.5 m       2.7 m       25.3%     4.0 h       3.0 h 
INFO  09:57:07,179 ProgressMeter -  Chr04:30447432   2.2968207E7    62.2 m       2.7 m       25.6%     4.0 h       3.0 h 
INFO  09:57:37,179 ProgressMeter -  Chr04:31916172   2.3094916E7    62.7 m       2.7 m       25.8%     4.1 h       3.0 h 
INFO  09:58:07,180 ProgressMeter -  Chr04:33259307   2.3368905E7    63.2 m       2.7 m       26.0%     4.1 h       3.0 h 
INFO  09:58:37,181 ProgressMeter -  Chr04:34723808   2.3511523E7    63.7 m       2.7 m       26.2%     4.1 h       3.0 h 
INFO  09:59:07,182 ProgressMeter -  Chr04:36142622   2.3770894E7    64.2 m       2.7 m       26.3%     4.1 h       3.0 h 
INFO  09:59:47,183 ProgressMeter -  Chr04:38059055   2.4034219E7    64.8 m       2.7 m       26.6%     4.1 h       3.0 h 
INFO  10:00:17,184 ProgressMeter -  Chr04:39499560   2.4165244E7    65.3 m       2.7 m       26.8%     4.1 h       3.0 h 
INFO  10:00:47,185 ProgressMeter -  Chr04:41013941   2.4418368E7    65.8 m       2.7 m       27.0%     4.1 h       3.0 h 
INFO  10:01:17,186 ProgressMeter -  Chr04:42389875   2.4549428E7    66.3 m       2.7 m       27.2%     4.1 h       3.0 h 
INFO  10:01:47,187 ProgressMeter -  Chr04:43821353   2.4688783E7    66.8 m       2.7 m       27.3%     4.1 h       3.0 h 
INFO  10:02:17,188 ProgressMeter -  Chr04:45410932   2.4928312E7    67.3 m       2.7 m       27.6%     4.1 h       3.0 h 
INFO  10:02:47,189 ProgressMeter -  Chr04:47053790   2.5158367E7    67.8 m       2.7 m       27.8%     4.1 h       2.9 h 
INFO  10:03:17,190 ProgressMeter -  Chr04:48508836   2.5288924E7    68.3 m       2.7 m       28.0%     4.1 h       2.9 h 
INFO  10:03:47,191 ProgressMeter -  Chr04:50247882   2.5518874E7    68.8 m       2.7 m       28.2%     4.1 h       2.9 h 
INFO  10:04:27,192 ProgressMeter -  Chr04:52672068   2.5726021E7    69.5 m       2.7 m       28.5%     4.1 h       2.9 h 
INFO  10:05:07,193 ProgressMeter -  Chr04:55034187   2.6045145E7    70.2 m       2.7 m       28.8%     4.1 h       2.9 h 
INFO  10:05:37,193 ProgressMeter -  Chr04:56907805   2.6150855E7    70.7 m       2.7 m       29.1%     4.1 h       2.9 h 
INFO  10:06:07,194 ProgressMeter -  Chr04:58941319   2.6346698E7    71.2 m       2.7 m       29.3%     4.0 h       2.9 h 
INFO  10:06:37,195 ProgressMeter -  Chr04:60687421   2.6545651E7    71.7 m       2.7 m       29.6%     4.0 h       2.8 h 
INFO  10:07:07,196 ProgressMeter -    Chr05:365260   2.678161E7    72.2 m       2.7 m       29.8%     4.0 h       2.8 h 
INFO  10:07:47,197 ProgressMeter -   Chr05:2652963   2.7003881E7    72.8 m       2.7 m       30.1%     4.0 h       2.8 h 
INFO  10:08:17,197 ProgressMeter -   Chr05:4388483   2.7217152E7    73.3 m       2.7 m       30.3%     4.0 h       2.8 h 
INFO  10:08:47,198 ProgressMeter -   Chr05:6153301   2.7432419E7    73.8 m       2.7 m       30.6%     4.0 h       2.8 h 
INFO  10:09:17,199 ProgressMeter -   Chr05:7860252   2.7539782E7    74.3 m       2.7 m       30.8%     4.0 h       2.8 h 
INFO  10:09:57,200 ProgressMeter -  Chr05:10062499   2.7883726E7    75.0 m       2.7 m       31.1%     4.0 h       2.8 h 
INFO  10:10:27,201 ProgressMeter -  Chr05:11535337   2.8004312E7    75.5 m       2.7 m       31.3%     4.0 h       2.8 h 
INFO  10:10:57,202 ProgressMeter -  Chr05:12936739   2.8142511E7    76.0 m       2.7 m       31.5%     4.0 h       2.8 h 
INFO  10:11:27,203 ProgressMeter -  Chr05:14162976   2.8419405E7    76.5 m       2.7 m       31.6%     4.0 h       2.8 h 
INFO  10:11:57,205 ProgressMeter -  Chr05:15432163   2.8567996E7    77.0 m       2.7 m       31.8%     4.0 h       2.8 h 
INFO  10:12:27,208 ProgressMeter -  Chr05:16861579   2.8702412E7    77.5 m       2.7 m       32.0%     4.0 h       2.7 h 
INFO  10:12:57,209 ProgressMeter -  Chr05:18296945   2.8966291E7    78.0 m       2.7 m       32.2%     4.0 h       2.7 h 
INFO  10:13:27,211 ProgressMeter -  Chr05:19623495   2.9101764E7    78.5 m       2.7 m       32.3%     4.0 h       2.7 h 
INFO  10:13:57,212 ProgressMeter -  Chr05:20944807   2.9241592E7    79.0 m       2.7 m       32.5%     4.1 h       2.7 h 
INFO  10:14:27,213 ProgressMeter -  Chr05:22221095   2.9522114E7    79.5 m       2.7 m       32.7%     4.1 h       2.7 h 
INFO  10:14:57,215 ProgressMeter -  Chr05:23699612   2.9665414E7    80.0 m       2.7 m       32.9%     4.1 h       2.7 h 
INFO  10:15:27,216 ProgressMeter -  Chr05:25109009   2.990992E7    80.5 m       2.7 m       33.1%     4.1 h       2.7 h 
INFO  10:15:57,217 ProgressMeter -  Chr05:26538254   3.0044297E7    81.0 m       2.7 m       33.2%     4.1 h       2.7 h 
INFO  10:16:27,218 ProgressMeter -  Chr05:28172188   3.0280366E7    81.5 m       2.7 m       33.5%     4.1 h       2.7 h 
INFO  10:16:57,219 ProgressMeter -  Chr05:29677495   3.0405049E7    82.0 m       2.7 m       33.7%     4.1 h       2.7 h 
INFO  10:17:27,220 ProgressMeter -  Chr05:31852987   3.0566386E7    82.5 m       2.7 m       33.9%     4.1 h       2.7 h 
INFO  10:17:57,222 ProgressMeter -  Chr05:33322550   3.0812211E7    83.0 m       2.7 m       34.1%     4.1 h       2.7 h 
INFO  10:18:27,223 ProgressMeter -  Chr05:34677695   3.0942752E7    83.5 m       2.7 m       34.3%     4.1 h       2.7 h 
INFO  10:18:57,224 ProgressMeter -  Chr05:36052851   3.1209384E7    84.0 m       2.7 m       34.5%     4.1 h       2.7 h 
INFO  10:19:27,225 ProgressMeter -  Chr05:37423247   3.1343521E7    84.5 m       2.7 m       34.7%     4.1 h       2.7 h 
INFO  10:19:57,227 ProgressMeter -  Chr05:38902530   3.1479682E7    85.0 m       2.7 m       34.9%     4.1 h       2.6 h 
INFO  10:20:27,227 ProgressMeter -  Chr05:40180094   3.1740431E7    85.5 m       2.7 m       35.0%     4.1 h       2.6 h 
INFO  10:20:57,229 ProgressMeter -  Chr05:41484147   3.1886374E7    86.0 m       2.7 m       35.2%     4.1 h       2.6 h 
INFO  10:21:27,230 ProgressMeter -  Chr05:42853407   3.2019456E7    86.5 m       2.7 m       35.4%     4.1 h       2.6 h 
INFO  10:21:57,231 ProgressMeter -  Chr05:44300824   3.2281153E7    87.0 m       2.7 m       35.6%     4.1 h       2.6 h 
INFO  10:22:27,232 ProgressMeter -  Chr05:45620564   3.2416546E7    87.5 m       2.7 m       35.7%     4.1 h       2.6 h 
INFO  10:22:57,234 ProgressMeter -  Chr05:47036003   3.2681865E7    88.0 m       2.7 m       35.9%     4.1 h       2.6 h 
INFO  10:23:27,235 ProgressMeter -  Chr05:48518323   3.2803537E7    88.5 m       2.7 m       36.1%     4.1 h       2.6 h 
INFO  10:23:57,236 ProgressMeter -  Chr05:49950935   3.2937183E7    89.0 m       2.7 m       36.3%     4.1 h       2.6 h 
INFO  10:24:37,237 ProgressMeter -  Chr05:51921872   3.3194735E7    89.7 m       2.7 m       36.6%     4.1 h       2.6 h 
INFO  10:25:07,238 ProgressMeter -  Chr05:53425706   3.344683E7    90.2 m       2.7 m       36.8%     4.1 h       2.6 h 
INFO  10:25:47,239 ProgressMeter -  Chr05:55717095   3.3667253E7    90.8 m       2.7 m       37.1%     4.1 h       2.6 h 
INFO  10:26:17,239 ProgressMeter -  Chr05:57571959   3.3881073E7    91.3 m       2.7 m       37.3%     4.1 h       2.6 h 
INFO  10:26:47,240 ProgressMeter -  Chr05:59452918   3.4077772E7    91.8 m       2.7 m       37.6%     4.1 h       2.5 h 
INFO  10:27:17,241 ProgressMeter -  Chr05:61400853   3.4269468E7    92.3 m       2.7 m       37.8%     4.1 h       2.5 h 
INFO  10:27:57,242 ProgressMeter -  Chr05:63596435   3.4498094E7    93.0 m       2.7 m       38.1%     4.1 h       2.5 h 
INFO  10:28:27,242 ProgressMeter -   Chr06:1250419   3.4719277E7    93.5 m       2.7 m       38.3%     4.1 h       2.5 h 
INFO  10:28:57,244 ProgressMeter -   Chr06:2728190   3.4847762E7    94.0 m       2.7 m       38.5%     4.1 h       2.5 h 
INFO  10:29:27,245 ProgressMeter -   Chr06:4283760   3.5087134E7    94.5 m       2.7 m       38.7%     4.1 h       2.5 h 
INFO  10:29:57,246 ProgressMeter -   Chr06:6156218   3.5288723E7    95.0 m       2.7 m       39.0%     4.1 h       2.5 h 
INFO  10:30:27,247 ProgressMeter -   Chr06:7574452   3.5416828E7    95.5 m       2.7 m       39.2%     4.1 h       2.5 h 
INFO  10:30:57,249 ProgressMeter -   Chr06:9044635   3.5671697E7    96.0 m       2.7 m       39.4%     4.1 h       2.5 h 
INFO  10:31:27,250 ProgressMeter -  Chr06:10436082   3.5799774E7    96.5 m       2.7 m       39.6%     4.1 h       2.5 h 
INFO  10:31:57,251 ProgressMeter -  Chr06:11758868   3.5946736E7    97.0 m       2.7 m       39.7%     4.1 h       2.5 h 
INFO  10:32:27,253 ProgressMeter -  Chr06:13224001   3.6204686E7    97.5 m       2.7 m       39.9%     4.1 h       2.4 h 
INFO  10:32:57,254 ProgressMeter -  Chr06:14653813   3.6338945E7    98.0 m       2.7 m       40.1%     4.1 h       2.4 h 
INFO  10:33:27,258 ProgressMeter -  Chr06:16173877   3.6580743E7    98.5 m       2.7 m       40.3%     4.1 h       2.4 h 
INFO  10:33:57,260 ProgressMeter -  Chr06:17611153   3.6712361E7    99.0 m       2.7 m       40.5%     4.1 h       2.4 h 
INFO  10:34:27,261 ProgressMeter -  Chr06:19268519   3.69415E7    99.5 m       2.7 m       40.7%     4.1 h       2.4 h 
INFO  10:34:57,262 ProgressMeter -  Chr06:20502626   3.7089139E7   100.0 m       2.7 m       40.9%     4.1 h       2.4 h 
INFO  10:35:27,264 ProgressMeter -  Chr06:21793886   3.7227869E7   100.5 m       2.7 m       41.0%     4.1 h       2.4 h 
INFO  10:35:57,265 ProgressMeter -  Chr06:23175915   3.7504324E7   101.0 m       2.7 m       41.2%     4.1 h       2.4 h 
INFO  10:36:27,266 ProgressMeter -  Chr06:24552402   3.7635081E7   101.5 m       2.7 m       41.4%     4.1 h       2.4 h 
INFO  10:36:57,267 ProgressMeter -  Chr06:26972938   3.7819662E7   102.0 m       2.7 m       41.7%     4.1 h       2.4 h 
INFO  10:37:27,269 ProgressMeter -  Chr06:28537579   3.8018049E7   102.5 m       2.7 m       41.9%     4.1 h       2.4 h 
INFO  10:37:57,270 ProgressMeter -  Chr06:30155713   3.824881E7   103.0 m       2.7 m       42.1%     4.1 h       2.4 h 
INFO  10:38:27,271 ProgressMeter -  Chr06:31643195   3.8373558E7   103.5 m       2.7 m       42.3%     4.1 h       2.3 h 
INFO  10:38:57,272 ProgressMeter -  Chr06:33405223   3.8599073E7   104.0 m       2.7 m       42.6%     4.1 h       2.3 h 
INFO  10:39:27,274 ProgressMeter -  Chr06:35120874   3.8806981E7   104.5 m       2.7 m       42.8%     4.1 h       2.3 h 
INFO  10:39:57,275 ProgressMeter -  Chr06:36873730   3.8910274E7   105.0 m       2.7 m       43.0%     4.1 h       2.3 h 
INFO  10:40:27,276 ProgressMeter -  Chr06:38576585   3.9126324E7   105.5 m       2.7 m       43.2%     4.1 h       2.3 h 
INFO  10:40:57,277 ProgressMeter -  Chr06:40431418   3.9330694E7   106.0 m       2.7 m       43.5%     4.1 h       2.3 h 
INFO  10:41:27,279 ProgressMeter -  Chr06:42326097   3.9533156E7   106.5 m       2.7 m       43.7%     4.1 h       2.3 h 
INFO  10:41:57,280 ProgressMeter -  Chr06:44273344   3.972042E7   107.0 m       2.7 m       44.0%     4.1 h       2.3 h 
INFO  10:42:27,280 ProgressMeter -  Chr06:46177584   3.9920985E7   107.5 m       2.7 m       44.2%     4.0 h       2.3 h 
INFO  10:42:57,281 ProgressMeter -  Chr06:48007289   4.0125951E7   108.0 m       2.7 m       44.5%     4.0 h       2.2 h 
INFO  10:43:27,282 ProgressMeter -  Chr06:49787781   4.0231983E7   108.5 m       2.7 m       44.7%     4.0 h       2.2 h 
INFO  10:43:57,283 ProgressMeter -    Chr07:620724   4.0450317E7   109.0 m       2.7 m       45.0%     4.0 h       2.2 h 
INFO  10:44:37,284 ProgressMeter -   Chr07:3004029   4.0757656E7   109.7 m       2.7 m       45.3%     4.0 h       2.2 h 
INFO  10:45:17,285 ProgressMeter -   Chr07:5523273   4.095951E7   110.3 m       2.7 m       45.6%     4.0 h       2.2 h 
INFO  10:45:47,287 ProgressMeter -   Chr07:7510437   4.1149479E7   110.8 m       2.7 m       45.9%     4.0 h       2.2 h 
INFO  10:46:27,287 ProgressMeter -  Chr07:10174540   4.1428796E7   111.5 m       2.7 m       46.2%     4.0 h       2.2 h 
INFO  10:46:57,288 ProgressMeter -  Chr07:12139193   4.1622569E7   112.0 m       2.7 m       46.5%     4.0 h       2.1 h 
INFO  10:47:27,289 ProgressMeter -  Chr07:14099162   4.1814816E7   112.5 m       2.7 m       46.7%     4.0 h       2.1 h 
INFO  10:47:57,290 ProgressMeter -  Chr07:15741599   4.1921121E7   113.0 m       2.7 m       47.0%     4.0 h       2.1 h 
INFO  10:48:37,290 ProgressMeter -  Chr07:17966913   4.2149244E7   113.7 m       2.7 m       47.2%     4.0 h       2.1 h 
INFO  10:49:07,291 ProgressMeter -  Chr07:19613309   4.2380106E7   114.2 m       2.7 m       47.5%     4.0 h       2.1 h 
INFO  10:49:37,292 ProgressMeter -  Chr07:21149502   4.2615566E7   114.7 m       2.7 m       47.7%     4.0 h       2.1 h 
INFO  10:50:07,293 ProgressMeter -  Chr07:22594736   4.2739536E7   115.2 m       2.7 m       47.9%     4.0 h       2.1 h 
INFO  10:50:37,294 ProgressMeter -  Chr07:24030537   4.3002042E7   115.7 m       2.7 m       48.0%     4.0 h       2.1 h 
INFO  10:51:07,295 ProgressMeter -  Chr07:25567378   4.3123374E7   116.2 m       2.7 m       48.2%     4.0 h       2.1 h 
INFO  10:51:37,296 ProgressMeter -  Chr07:26865178   4.325419E7   116.7 m       2.7 m       48.4%     4.0 h       2.1 h 
INFO  10:52:07,297 ProgressMeter -  Chr07:28267117   4.3525621E7   117.2 m       2.7 m       48.6%     4.0 h       2.1 h 
INFO  10:52:37,298 ProgressMeter -  Chr07:29622651   4.3671918E7   117.7 m       2.7 m       48.8%     4.0 h       2.1 h 
INFO  10:53:07,299 ProgressMeter -  Chr07:30969895   4.3798393E7   118.2 m       2.7 m       49.0%     4.0 h       2.1 h 
INFO  10:53:37,300 ProgressMeter -  Chr07:32397299   4.4067585E7   118.7 m       2.7 m       49.1%     4.0 h       2.0 h 
INFO  10:54:07,301 ProgressMeter -  Chr07:33851810   4.4195429E7   119.2 m       2.7 m       49.3%     4.0 h       2.0 h 
INFO  10:54:37,302 ProgressMeter -  Chr07:35418026   4.4447552E7   119.7 m       2.7 m       49.5%     4.0 h       2.0 h 
INFO  10:55:17,303 ProgressMeter -  Chr07:37539433   4.4694094E7     2.0 h       2.7 m       49.8%     4.0 h       2.0 h 
INFO  10:55:47,303 ProgressMeter -  Chr07:38931662   4.481899E7     2.0 h       2.7 m       50.0%     4.0 h       2.0 h 
INFO  10:56:17,305 ProgressMeter -  Chr07:40311832   4.5078399E7     2.0 h       2.7 m       50.2%     4.0 h       2.0 h 
INFO  10:56:57,306 ProgressMeter -  Chr07:42197824   4.5345284E7     2.0 h       2.7 m       50.4%     4.0 h     119.9 m 
INFO  10:57:27,306 ProgressMeter -  Chr07:43667669   4.5471498E7     2.0 h       2.7 m       50.6%     4.0 h     119.5 m 
INFO  10:57:57,307 ProgressMeter -  Chr07:45087259   4.5740831E7     2.1 h       2.7 m       50.8%     4.0 h     119.1 m 
INFO  10:58:27,308 ProgressMeter -  Chr07:46932874   4.5839402E7     2.1 h       2.7 m       51.1%     4.0 h     118.4 m 
INFO  10:58:57,310 ProgressMeter -  Chr07:48579197   4.6062685E7     2.1 h       2.7 m       51.3%     4.0 h     117.9 m 
INFO  10:59:27,311 ProgressMeter -  Chr07:50170954   4.6286349E7     2.1 h       2.7 m       51.5%     4.0 h     117.3 m 
INFO  10:59:57,312 ProgressMeter -  Chr07:51751430   4.6413595E7     2.1 h       2.7 m       51.7%     4.0 h     116.8 m 
INFO  11:00:27,313 ProgressMeter -  Chr07:53414378   4.6633852E7     2.1 h       2.7 m       51.9%     4.0 h     116.3 m 
INFO  11:00:57,314 ProgressMeter -  Chr07:55331601   4.6843364E7     2.1 h       2.7 m       52.2%     4.0 h     115.6 m 
INFO  11:01:27,315 ProgressMeter -  Chr07:57415865   4.7028132E7     2.1 h       2.7 m       52.4%     4.0 h     114.8 m 
INFO  11:02:07,316 ProgressMeter -  Chr07:59465473   4.7260368E7     2.1 h       2.7 m       52.7%     4.0 h     114.1 m 
INFO  11:02:37,317 ProgressMeter -    Chr08:219933   4.748296E7     2.1 h       2.7 m       52.9%     4.0 h     113.5 m 
INFO  11:03:07,319 ProgressMeter -   Chr08:1938534   4.7586359E7     2.1 h       2.7 m       53.2%     4.0 h     113.0 m 
INFO  11:03:37,320 ProgressMeter -   Chr08:3576554   4.7814029E7     2.1 h       2.7 m       53.4%     4.0 h     112.4 m 
INFO  11:04:07,320 ProgressMeter -   Chr08:5143271   4.8056628E7     2.2 h       2.7 m       53.6%     4.0 h     111.9 m 
INFO  11:04:37,321 ProgressMeter -   Chr08:6692862   4.8177828E7     2.2 h       2.7 m       53.8%     4.0 h     111.4 m 
INFO  11:05:07,322 ProgressMeter -   Chr08:8162601   4.8433176E7     2.2 h       2.7 m       54.0%     4.0 h     111.0 m 
INFO  11:05:47,323 ProgressMeter -  Chr08:10141752   4.869551E7     2.2 h       2.7 m       54.2%     4.0 h     110.4 m 
INFO  11:06:17,323 ProgressMeter -  Chr08:11640141   4.8810268E7     2.2 h       2.7 m       54.4%     4.0 h     110.0 m 
INFO  11:06:47,326 ProgressMeter -  Chr08:13062371   4.9074893E7     2.2 h       2.7 m       54.6%     4.0 h     109.6 m 
INFO  11:07:17,327 ProgressMeter -  Chr08:14467043   4.9216248E7     2.2 h       2.7 m       54.8%     4.0 h     109.2 m 
INFO  11:07:47,328 ProgressMeter -  Chr08:15869558   4.9343427E7     2.2 h       2.7 m       55.0%     4.0 h     108.8 m 
INFO  11:08:17,330 ProgressMeter -  Chr08:17270360   4.9605094E7     2.2 h       2.7 m       55.2%     4.0 h     108.4 m 
INFO  11:08:47,333 ProgressMeter -  Chr08:18807382   4.9734566E7     2.2 h       2.7 m       55.4%     4.0 h     107.9 m 
INFO  11:09:17,334 ProgressMeter -  Chr08:20231570   4.9993277E7     2.2 h       2.7 m       55.6%     4.0 h     107.5 m 
INFO  11:09:57,335 ProgressMeter -  Chr08:22509819   5.0203855E7     2.3 h       2.7 m       55.9%     4.0 h     106.7 m 
INFO  11:10:37,335 ProgressMeter -  Chr08:25129251   5.0513481E7     2.3 h       2.7 m       56.2%     4.0 h     105.7 m 
INFO  11:11:07,336 ProgressMeter -  Chr08:26630458   5.0636088E7     2.3 h       2.7 m       56.4%     4.0 h     105.3 m 
INFO  11:11:37,337 ProgressMeter -  Chr08:28151015   5.0893719E7     2.3 h       2.7 m       56.6%     4.0 h     104.8 m 
INFO  11:12:07,340 ProgressMeter -  Chr08:29591447   5.1022984E7     2.3 h       2.7 m       56.8%     4.0 h     104.4 m 
INFO  11:12:37,341 ProgressMeter -  Chr08:30978613   5.1158211E7     2.3 h       2.7 m       57.0%     4.0 h     104.0 m 
INFO  11:13:07,342 ProgressMeter -  Chr08:32390146   5.1429012E7     2.3 h       2.7 m       57.2%     4.0 h     103.6 m 
INFO  11:13:37,343 ProgressMeter -  Chr08:33954571   5.1546784E7     2.3 h       2.7 m       57.4%     4.0 h     103.1 m 
INFO  11:14:07,345 ProgressMeter -  Chr08:35642021   5.1778914E7     2.3 h       2.7 m       57.6%     4.0 h     102.5 m 
INFO  11:14:37,346 ProgressMeter -  Chr08:37292757   5.1996243E7     2.3 h       2.7 m       57.8%     4.0 h     102.0 m 
INFO  11:15:07,347 ProgressMeter -  Chr08:38923379   5.2112197E7     2.3 h       2.7 m       58.0%     4.0 h     101.5 m 
INFO  11:15:47,348 ProgressMeter -  Chr08:41282023   5.2451673E7     2.3 h       2.7 m       58.3%     4.0 h     100.6 m 
INFO  11:16:17,348 ProgressMeter -  Chr08:42922506   5.2560093E7     2.4 h       2.7 m       58.5%     4.0 h     100.1 m 
INFO  11:16:47,349 ProgressMeter -  Chr08:44914940   5.2774015E7     2.4 h       2.7 m       58.8%     4.0 h      99.4 m 
INFO  11:17:17,350 ProgressMeter -  Chr08:46935629   5.2964989E7     2.4 h       2.7 m       59.1%     4.0 h      98.6 m 
INFO  11:17:47,351 ProgressMeter -  Chr08:48912625   5.3158811E7     2.4 h       2.7 m       59.3%     4.0 h      97.9 m 
INFO  11:18:17,354 ProgressMeter -  Chr08:50929567   5.3346135E7     2.4 h       2.7 m       59.6%     4.0 h      97.2 m 
INFO  11:18:47,355 ProgressMeter -  Chr08:52945959   5.3526455E7     2.4 h       2.7 m       59.9%     4.0 h      96.5 m 
INFO  11:19:17,356 ProgressMeter -  Chr08:54857645   5.3712562E7     2.4 h       2.7 m       60.1%     4.0 h      95.8 m 
INFO  11:19:47,357 ProgressMeter -  Chr08:56612300   5.3921725E7     2.4 h       2.7 m       60.3%     4.0 h      95.2 m 
INFO  11:20:17,359 ProgressMeter -   Chr09:1515270   5.4122346E7     2.4 h       2.7 m       60.6%     4.0 h      94.5 m 
INFO  11:20:47,360 ProgressMeter -   Chr09:3555659   5.4309813E7     2.4 h       2.7 m       60.9%     4.0 h      93.8 m 
INFO  11:21:17,361 ProgressMeter -   Chr09:5546361   5.4490694E7     2.4 h       2.7 m       61.1%     4.0 h      93.0 m 
INFO  11:21:47,362 ProgressMeter -   Chr09:7511881   5.467847E7     2.4 h       2.7 m       61.4%     4.0 h      92.4 m 
INFO  11:22:17,364 ProgressMeter -   Chr09:9526537   5.4864541E7     2.5 h       2.7 m       61.7%     4.0 h      91.6 m 
INFO  11:22:47,365 ProgressMeter -  Chr09:11483409   5.5053299E7     2.5 h       2.7 m       61.9%     4.0 h      91.0 m 
INFO  11:23:17,367 ProgressMeter -  Chr09:13578617   5.5235216E7     2.5 h       2.7 m       62.2%     4.0 h      90.2 m 
INFO  11:23:47,368 ProgressMeter -  Chr09:15612637   5.5416579E7     2.5 h       2.7 m       62.5%     4.0 h      89.5 m 
INFO  11:24:17,369 ProgressMeter -  Chr09:17646600   5.5597069E7     2.5 h       2.7 m       62.7%     4.0 h      88.8 m 
INFO  11:24:47,370 ProgressMeter -  Chr09:19641362   5.5790962E7     2.5 h       2.7 m       63.0%     4.0 h      88.1 m 
INFO  11:25:17,371 ProgressMeter -  Chr09:21535519   5.5985569E7     2.5 h       2.7 m       63.2%     4.0 h      87.4 m 
INFO  11:25:47,375 ProgressMeter -  Chr09:23266412   5.6192597E7     2.5 h       2.7 m       63.5%     4.0 h      86.9 m 
INFO  11:26:17,377 ProgressMeter -  Chr09:24986341   5.6295845E7     2.5 h       2.7 m       63.7%     4.0 h      86.3 m 
INFO  11:26:47,378 ProgressMeter -  Chr09:26707279   5.6519426E7     2.5 h       2.7 m       63.9%     4.0 h      85.7 m 
INFO  11:27:17,379 ProgressMeter -  Chr09:28250004   5.6742174E7     2.5 h       2.7 m       64.1%     4.0 h      85.3 m 
INFO  11:27:47,381 ProgressMeter -  Chr09:29814816   5.6869212E7     2.5 h       2.7 m       64.3%     4.0 h      84.8 m 
INFO  11:28:17,382 ProgressMeter -  Chr09:31239143   5.7118042E7     2.6 h       2.7 m       64.5%     4.0 h      84.4 m 
INFO  11:28:47,383 ProgressMeter -  Chr09:32668913   5.7247279E7     2.6 h       2.7 m       64.7%     4.0 h      84.0 m 
INFO  11:29:17,384 ProgressMeter -  Chr09:34086707   5.7500224E7     2.6 h       2.7 m       64.9%     4.0 h      83.5 m 
INFO  11:29:47,385 ProgressMeter -  Chr09:35531985   5.762762E7     2.6 h       2.7 m       65.1%     4.0 h      83.1 m 
INFO  11:30:17,389 ProgressMeter -  Chr09:37112845   5.7869796E7     2.6 h       2.7 m       65.3%     4.0 h      82.6 m 
INFO  11:30:47,389 ProgressMeter -  Chr09:39270871   5.8041812E7     2.6 h       2.7 m       65.6%     4.0 h      81.9 m 
INFO  11:31:17,390 ProgressMeter -  Chr09:40746815   5.8171266E7     2.6 h       2.7 m       65.8%     4.0 h      81.4 m 
INFO  11:31:47,394 ProgressMeter -  Chr09:42131989   5.8425108E7     2.6 h       2.7 m       65.9%     4.0 h      81.0 m 
INFO  11:32:17,395 ProgressMeter -  Chr09:43921562   5.8553703E7     2.6 h       2.7 m       66.2%     4.0 h      80.4 m 
INFO  11:32:47,396 ProgressMeter -  Chr09:45733580   5.87445E7     2.6 h       2.7 m       66.4%     4.0 h      79.8 m 
INFO  11:33:17,397 ProgressMeter -  Chr09:47420165   5.8981004E7     2.6 h       2.7 m       66.6%     4.0 h      79.3 m 
INFO  11:33:47,398 ProgressMeter -  Chr09:49119235   5.919043E7     2.6 h       2.7 m       66.9%     4.0 h      78.8 m 
INFO  11:34:27,399 ProgressMeter -  Chr09:51963861   5.9382062E7     2.7 h       2.7 m       67.2%     4.0 h      77.8 m 
INFO  11:34:57,400 ProgressMeter -  Chr09:53884923   5.9546267E7     2.7 h       2.7 m       67.5%     4.0 h      77.1 m 
INFO  11:35:27,401 ProgressMeter -  Chr09:55311786   5.9784614E7     2.7 h       2.7 m       67.7%     4.0 h      76.7 m 
INFO  11:35:57,402 ProgressMeter -  Chr09:56693705   5.9920584E7     2.7 h       2.7 m       67.8%     4.0 h      76.3 m 
INFO  11:36:37,403 ProgressMeter -  Chr09:58569310   6.019818E7     2.7 h       2.7 m       68.1%     4.0 h      75.7 m 
INFO  11:37:07,403 ProgressMeter -  Chr09:60117440   6.0448363E7     2.7 h       2.7 m       68.3%     4.0 h      75.3 m 
INFO  11:37:37,404 ProgressMeter -  Chr09:61591442   6.0578518E7     2.7 h       2.7 m       68.5%     4.0 h      74.8 m 
INFO  11:38:07,405 ProgressMeter -  Chr09:63075539   6.0839595E7     2.7 h       2.7 m       68.7%     4.0 h      74.4 m 
INFO  11:38:37,406 ProgressMeter -  Chr09:64626265   6.0960887E7     2.7 h       2.7 m       68.9%     4.0 h      73.9 m 
INFO  11:39:07,409 ProgressMeter -  Chr09:66212816   6.1201883E7     2.7 h       2.7 m       69.1%     4.0 h      73.4 m 
INFO  11:39:37,409 ProgressMeter -  Chr09:67862031   6.1308892E7     2.7 h       2.7 m       69.3%     4.0 h      72.9 m 
INFO  11:40:07,410 ProgressMeter -  Chr09:69541793   6.1548414E7     2.8 h       2.7 m       69.5%     4.0 h      72.4 m 
INFO  11:40:37,411 ProgressMeter -    Chr10:599336   6.173623E7     2.8 h       2.7 m       69.8%     4.0 h      71.8 m 
INFO  11:41:07,412 ProgressMeter -   Chr10:2186831   6.1968472E7     2.8 h       2.7 m       70.0%     4.0 h      71.3 m 
INFO  11:41:47,413 ProgressMeter -   Chr10:4504720   6.2198264E7     2.8 h       2.7 m       70.3%     4.0 h      70.5 m 
INFO  11:42:27,414 ProgressMeter -   Chr10:7004550    6.2498E7     2.8 h       2.7 m       70.6%     4.0 h      69.7 m 
INFO  11:42:57,414 ProgressMeter -   Chr10:8742787   6.2616496E7     2.8 h       2.7 m       70.8%     4.0 h      69.2 m 
INFO  11:43:27,415 ProgressMeter -  Chr10:10251604   6.2851502E7     2.8 h       2.7 m       71.0%     4.0 h      68.7 m 
INFO  11:43:57,416 ProgressMeter -  Chr10:11745304   6.2977275E7     2.8 h       2.7 m       71.2%     4.0 h      68.3 m 
INFO  11:44:37,417 ProgressMeter -  Chr10:13646738   6.3235385E7     2.8 h       2.7 m       71.5%     4.0 h      67.7 m 
INFO  11:45:07,417 ProgressMeter -  Chr10:15078981   6.3495678E7     2.8 h       2.7 m       71.7%     4.0 h      67.3 m 
INFO  11:45:37,418 ProgressMeter -  Chr10:16465900   6.3623739E7     2.8 h       2.7 m       71.9%     4.0 h      66.9 m 
INFO  11:46:07,419 ProgressMeter -  Chr10:17954189   6.375803E7     2.9 h       2.7 m       72.0%     4.0 h      66.4 m 
INFO  11:46:37,421 ProgressMeter -  Chr10:19484190   6.3997647E7     2.9 h       2.7 m       72.2%     4.0 h      65.9 m 
INFO  11:47:07,422 ProgressMeter -  Chr10:20855720   6.4126938E7     2.9 h       2.7 m       72.4%     4.0 h      65.5 m 
INFO  11:47:37,423 ProgressMeter -  Chr10:22283319   6.4392494E7     2.9 h       2.7 m       72.6%     4.0 h      65.1 m 
INFO  11:48:07,424 ProgressMeter -  Chr10:23701284   6.4526813E7     2.9 h       2.7 m       72.8%     4.0 h      64.7 m 
INFO  11:48:37,425 ProgressMeter -  Chr10:25111451   6.4786994E7     2.9 h       2.7 m       73.0%     4.0 h      64.3 m 
INFO  11:49:07,427 ProgressMeter -  Chr10:26561700   6.4916557E7     2.9 h       2.7 m       73.2%     4.0 h      63.8 m 
INFO  11:49:37,428 ProgressMeter -  Chr10:27892345   6.5048004E7     2.9 h       2.7 m       73.4%     4.0 h      63.5 m 
INFO  11:50:07,429 ProgressMeter -  Chr10:29309810   6.5322369E7     2.9 h       2.7 m       73.5%     4.0 h      63.0 m 
INFO  11:50:47,430 ProgressMeter -  Chr10:31438878   6.5556024E7     2.9 h       2.7 m       73.8%     4.0 h      62.4 m 
INFO  11:51:27,431 ProgressMeter -  Chr10:33856789   6.5745804E7     2.9 h       2.7 m       74.1%     4.0 h      61.6 m 
INFO  11:51:57,432 ProgressMeter -  Chr10:35824379   6.5955134E7     3.0 h       2.7 m       74.4%     4.0 h      60.9 m 
INFO  11:52:27,433 ProgressMeter -  Chr10:37219088   6.6190647E7     3.0 h       2.7 m       74.6%     4.0 h      60.5 m 
INFO  11:53:07,436 ProgressMeter -  Chr10:39396053   6.6415424E7     3.0 h       2.7 m       74.9%     4.0 h      59.8 m 
INFO  11:53:37,438 ProgressMeter -  Chr10:40965136   6.6526864E7     3.0 h       2.7 m       75.1%     4.0 h      59.3 m 
INFO  11:54:07,439 ProgressMeter -  Chr10:42303515   6.6796157E7     3.0 h       2.7 m       75.2%     4.0 h      58.9 m 
INFO  11:54:37,440 ProgressMeter -  Chr10:43674473   6.6922226E7     3.0 h       2.7 m       75.4%     4.0 h      58.5 m 
INFO  11:55:07,441 ProgressMeter -  Chr10:45155324   6.7183252E7     3.0 h       2.7 m       75.6%     4.0 h      58.1 m 
INFO  11:55:37,442 ProgressMeter -  Chr10:46484124   6.7317724E7     3.0 h       2.7 m       75.8%     4.0 h      57.7 m 
INFO  11:56:07,443 ProgressMeter -  Chr10:47794377   6.7454123E7     3.0 h       2.7 m       76.0%     4.0 h      57.3 m 
INFO  11:56:37,444 ProgressMeter -  Chr10:49209914   6.7726333E7     3.0 h       2.7 m       76.2%     4.0 h      56.9 m 
INFO  11:57:07,446 ProgressMeter -  Chr10:50606186   6.7864188E7     3.0 h       2.7 m       76.3%     4.0 h      56.5 m 
INFO  11:57:37,447 ProgressMeter -  Chr10:52068740   6.8112746E7     3.0 h       2.7 m       76.5%     4.0 h      56.0 m 
INFO  11:58:07,447 ProgressMeter -  Chr10:53609979   6.8237549E7     3.1 h       2.7 m       76.7%     4.0 h      55.5 m 
INFO  11:58:37,448 ProgressMeter -  Chr10:55141132   6.8478476E7     3.1 h       2.7 m       76.9%     4.0 h      55.1 m 
INFO  11:59:07,449 ProgressMeter -  Chr10:57084714   6.867178E7     3.1 h       2.7 m       77.2%     4.0 h      54.4 m 
INFO  11:59:37,450 ProgressMeter -  Chr10:58958151   6.877051E7     3.1 h       2.7 m       77.4%     4.0 h      53.8 m 
INFO  12:00:07,453 ProgressMeter -  Chr10:60685075   6.8990352E7     3.1 h       2.7 m       77.7%     4.0 h      53.3 m 
INFO  12:00:47,454 ProgressMeter -    Chr11:924091   6.922025E7     3.1 h       2.7 m       78.0%     4.0 h      52.5 m 
INFO  12:01:27,454 ProgressMeter -   Chr11:3276276   6.953688E7     3.1 h       2.7 m       78.3%     4.0 h      51.7 m 
INFO  12:01:57,455 ProgressMeter -   Chr11:5226659   6.9742033E7     3.1 h       2.7 m       78.5%     4.0 h      51.1 m 
INFO  12:02:27,456 ProgressMeter -   Chr11:7047371   6.9945506E7     3.1 h       2.7 m       78.8%     4.0 h      50.5 m 
INFO  12:02:57,457 ProgressMeter -   Chr11:8863080   7.0045172E7     3.1 h       2.7 m       79.0%     4.0 h      49.9 m 
INFO  12:03:37,457 ProgressMeter -  Chr11:11065286   7.0386278E7     3.1 h       2.7 m       79.3%     4.0 h      49.2 m 
INFO  12:04:07,458 ProgressMeter -  Chr11:12691281   7.0510326E7     3.2 h       2.7 m       79.5%     4.0 h      48.7 m 
INFO  12:04:37,459 ProgressMeter -  Chr11:14092546   7.0763898E7     3.2 h       2.7 m       79.7%     4.0 h      48.3 m 
INFO  12:05:07,460 ProgressMeter -  Chr11:15601525   7.0890343E7     3.2 h       2.7 m       79.9%     4.0 h      47.8 m 
INFO  12:05:37,461 ProgressMeter -  Chr11:17047840   7.1149238E7     3.2 h       2.7 m       80.1%     4.0 h      47.4 m 
INFO  12:06:07,462 ProgressMeter -  Chr11:18530366   7.1282302E7     3.2 h       2.7 m       80.3%     4.0 h      46.9 m 
INFO  12:06:37,464 ProgressMeter -  Chr11:20003700   7.1535525E7     3.2 h       2.7 m       80.5%     4.0 h      46.5 m 
INFO  12:07:07,465 ProgressMeter -  Chr11:21521152   7.1654996E7     3.2 h       2.7 m       80.7%     4.0 h      46.0 m 
INFO  12:07:47,466 ProgressMeter -  Chr11:23491711   7.1909149E7     3.2 h       2.7 m       80.9%     4.0 h      45.4 m 
INFO  12:08:17,467 ProgressMeter -  Chr11:25054321   7.2152844E7     3.2 h       2.7 m       81.1%     4.0 h      44.9 m 
INFO  12:08:47,468 ProgressMeter -  Chr11:26462031   7.2278242E7     3.2 h       2.7 m       81.3%     4.0 h      44.5 m 
INFO  12:09:17,469 ProgressMeter -  Chr11:28007519   7.2530963E7     3.2 h       2.7 m       81.5%     4.0 h      44.0 m 
INFO  12:09:47,470 ProgressMeter -  Chr11:29413318   7.265848E7     3.2 h       2.7 m       81.7%     4.0 h      43.6 m 
INFO  12:10:17,471 ProgressMeter -  Chr11:30883894   7.2788431E7     3.3 h       2.7 m       81.9%     4.0 h      43.1 m 
INFO  12:10:57,472 ProgressMeter -  Chr11:32899602   7.3041496E7     3.3 h       2.7 m       82.2%     4.0 h      42.5 m 
INFO  12:11:37,473 ProgressMeter -  Chr11:34691911   7.3311553E7     3.3 h       2.7 m       82.4%     4.0 h      42.0 m 
INFO  12:12:07,474 ProgressMeter -  Chr11:36930674   7.3555923E7     3.3 h       2.7 m       82.7%     4.0 h      41.2 m 
INFO  12:12:37,474 ProgressMeter -  Chr11:38503202   7.371939E7     3.3 h       2.7 m       82.9%     4.0 h      40.7 m 
INFO  12:13:07,475 ProgressMeter -  Chr11:39933759   7.3852619E7     3.3 h       2.7 m       83.1%     4.0 h      40.3 m 
INFO  12:13:47,476 ProgressMeter -  Chr11:41810489   7.4113166E7     3.3 h       2.7 m       83.3%     4.0 h      39.7 m 
INFO  12:14:27,476 ProgressMeter -  Chr11:43724903   7.4383726E7     3.3 h       2.7 m       83.6%     4.0 h      39.1 m 
INFO  12:14:57,477 ProgressMeter -  Chr11:45084478   7.4661067E7     3.3 h       2.7 m       83.8%     4.0 h      38.7 m 
INFO  12:15:27,478 ProgressMeter -  Chr11:46449484   7.4803103E7     3.3 h       2.7 m       84.0%     4.0 h      38.3 m 
INFO  12:16:07,479 ProgressMeter -  Chr11:48438962   7.5055794E7     3.4 h       2.7 m       84.2%     4.0 h      37.7 m 
INFO  12:16:37,479 ProgressMeter -  Chr11:49945718   7.518911E7     3.4 h       2.7 m       84.4%     4.0 h      37.2 m 
INFO  12:17:07,480 ProgressMeter -  Chr11:51247596   7.5432915E7     3.4 h       2.7 m       84.6%     4.0 h      36.8 m 
INFO  12:17:37,481 ProgressMeter -  Chr11:52856538   7.5543733E7     3.4 h       2.7 m       84.8%     4.0 h      36.3 m 
INFO  12:18:07,485 ProgressMeter -  Chr11:54594594   7.5759612E7     3.4 h       2.7 m       85.0%     4.0 h      35.8 m 
INFO  12:18:47,485 ProgressMeter -  Chr11:56641433   7.6001919E7     3.4 h       2.7 m       85.3%     4.0 h      35.1 m 
INFO  12:19:17,489 ProgressMeter -  Chr11:58297671   7.6225013E7     3.4 h       2.7 m       85.5%     4.0 h      34.6 m 
INFO  12:19:47,490 ProgressMeter -  Chr11:60054837   7.6442542E7     3.4 h       2.7 m       85.7%     4.0 h      34.1 m 
INFO  12:20:17,491 ProgressMeter -  Chr11:61880815   7.6534984E7     3.4 h       2.7 m       86.0%     4.0 h      33.5 m 
INFO  12:20:47,492 ProgressMeter -    Chr12:824114   7.6721291E7     3.4 h       2.7 m       86.2%     4.0 h      33.0 m 
INFO  12:21:17,494 ProgressMeter -   Chr12:2442674   7.6951163E7     3.4 h       2.7 m       86.4%     4.0 h      32.5 m 
INFO  12:21:47,495 ProgressMeter -   Chr12:4151822   7.7180699E7     3.4 h       2.7 m       86.6%     4.0 h      31.9 m 
INFO  12:22:17,496 ProgressMeter -   Chr12:5686529   7.7299471E7     3.5 h       2.7 m       86.8%     4.0 h      31.4 m 
INFO  12:22:47,497 ProgressMeter -   Chr12:7333823   7.7536862E7     3.5 h       2.7 m       87.1%     4.0 h      30.9 m 
INFO  12:23:17,498 ProgressMeter -   Chr12:8914270   7.7664587E7     3.5 h       2.7 m       87.3%     4.0 h      30.4 m 
INFO  12:23:47,499 ProgressMeter -  Chr12:10261236   7.7917394E7     3.5 h       2.7 m       87.4%     4.0 h      30.0 m 
INFO  12:24:17,500 ProgressMeter -  Chr12:11764666   7.8037958E7     3.5 h       2.7 m       87.6%     4.0 h      29.5 m 
INFO  12:24:57,501 ProgressMeter -  Chr12:13673364   7.8296782E7     3.5 h       2.7 m       87.9%     4.0 h      29.0 m 
INFO  12:25:37,502 ProgressMeter -  Chr12:15665778   7.8551571E7     3.5 h       2.7 m       88.1%     4.0 h      28.3 m 
INFO  12:26:07,503 ProgressMeter -  Chr12:16975673   7.8672674E7     3.5 h       2.7 m       88.3%     4.0 h      27.9 m 
INFO  12:26:37,504 ProgressMeter -  Chr12:18540252   7.8932222E7     3.5 h       2.7 m       88.5%     4.0 h      27.4 m 
INFO  12:27:07,505 ProgressMeter -  Chr12:19995785   7.9058367E7     3.5 h       2.7 m       88.7%     4.0 h      27.0 m 
INFO  12:27:37,506 ProgressMeter -  Chr12:21504340   7.9306804E7     3.5 h       2.7 m       88.9%     4.0 h      26.5 m 
INFO  12:28:17,507 ProgressMeter -  Chr12:23426369   7.955494E7     3.6 h       2.7 m       89.2%     4.0 h      25.9 m 
INFO  12:28:57,508 ProgressMeter -  Chr12:25416914   7.9804437E7     3.6 h       2.7 m       89.4%     4.0 h      25.3 m 
INFO  12:29:27,509 ProgressMeter -  Chr12:26899305   7.9933398E7     3.6 h       2.7 m       89.6%     4.0 h      24.8 m 
INFO  12:30:07,510 ProgressMeter -  Chr12:28823169   8.0175586E7     3.6 h       2.7 m       89.9%     4.0 h      24.2 m 
INFO  12:30:47,511 ProgressMeter -  Chr12:31074590   8.0519318E7     3.6 h       2.7 m       90.2%     4.0 h      23.5 m 
INFO  12:31:17,512 ProgressMeter -  Chr12:32697711   8.0629336E7     3.6 h       2.7 m       90.4%     4.0 h      23.0 m 
INFO  12:31:47,512 ProgressMeter -  Chr12:34408556   8.0849231E7     3.6 h       2.7 m       90.6%     4.0 h      22.5 m 
INFO  12:32:17,516 ProgressMeter -    Chr13:621585   8.1010168E7     3.6 h       2.7 m       90.8%     4.0 h      22.0 m 
INFO  12:32:47,517 ProgressMeter -   Chr13:2176268   8.1243962E7     3.6 h       2.7 m       91.0%     4.0 h      21.5 m 
INFO  12:33:17,518 ProgressMeter -   Chr13:3834165   8.1364453E7     3.6 h       2.7 m       91.2%     4.0 h      21.0 m 
INFO  12:33:47,519 ProgressMeter -   Chr13:5409175   8.158825E7     3.6 h       2.7 m       91.5%     4.0 h      20.5 m 
INFO  12:34:17,520 ProgressMeter -   Chr13:7086932   8.180949E7     3.7 h       2.7 m       91.7%     4.0 h      19.9 m 
INFO  12:34:47,521 ProgressMeter -   Chr13:8748262   8.1930817E7     3.7 h       2.7 m       91.9%     4.0 h      19.4 m 
INFO  12:35:17,522 ProgressMeter -  Chr13:10298163   8.216207E7     3.7 h       2.7 m       92.1%     4.0 h      18.9 m 
INFO  12:35:47,523 ProgressMeter -  Chr13:11751286   8.2291822E7     3.7 h       2.7 m       92.3%     4.0 h      18.5 m 
INFO  12:36:17,524 ProgressMeter -  Chr13:13165031   8.2558645E7     3.7 h       2.7 m       92.5%     4.0 h      18.0 m 
INFO  12:36:47,525 ProgressMeter -  Chr13:14561227   8.2696714E7     3.7 h       2.7 m       92.7%     4.0 h      17.6 m 
INFO  12:37:17,527 ProgressMeter -  Chr13:15951581   8.2824987E7     3.7 h       2.7 m       92.8%     4.0 h      17.2 m 
INFO  12:37:47,528 ProgressMeter -  Chr13:17349693   8.3102768E7     3.7 h       2.7 m       93.0%     4.0 h      16.7 m 
INFO  12:38:17,529 ProgressMeter -  Chr13:18807125   8.3249584E7     3.7 h       2.7 m       93.2%     4.0 h      16.3 m 
INFO  12:38:47,530 ProgressMeter -  Chr13:20636241   8.3484936E7     3.7 h       2.7 m       93.5%     4.0 h      15.7 m 
INFO  12:39:17,531 ProgressMeter -  Chr13:22530464   8.3672411E7     3.7 h       2.7 m       93.7%     4.0 h      15.1 m 
INFO  12:39:47,532 ProgressMeter -  Chr13:23994953   8.3787491E7     3.7 h       2.7 m       93.9%     4.0 h      14.6 m 
INFO  12:40:17,534 ProgressMeter -  Chr13:25470308   8.4042978E7     3.8 h       2.7 m       94.1%     4.0 h      14.2 m 
INFO  12:40:47,535 ProgressMeter -  Chr13:27202097   8.4272918E7     3.8 h       2.7 m       94.3%     4.0 h      13.6 m 
INFO  12:41:17,536 ProgressMeter -  Chr13:28656059   8.4391916E7     3.8 h       2.7 m       94.5%     4.0 h      13.2 m 
INFO  12:41:47,537 ProgressMeter -  Chr13:30149109   8.4645009E7     3.8 h       2.7 m       94.7%     4.0 h      12.7 m 
INFO  12:42:27,538 ProgressMeter -  Chr13:32029240   8.4904289E7     3.8 h       2.7 m       94.9%     4.0 h      12.1 m 
INFO  12:43:07,538 ProgressMeter -  Chr13:33944704   8.5034809E7     3.8 h       2.7 m       95.2%     4.0 h      11.5 m 
INFO  12:43:37,539 ProgressMeter -  Chr13:35323936   8.5291829E7     3.8 h       2.7 m       95.4%     4.0 h      11.1 m 
INFO  12:44:07,540 ProgressMeter -  Chr13:36875374   8.5425633E7     3.8 h       2.7 m       95.6%     4.0 h      10.6 m 
INFO  12:44:37,541 ProgressMeter -  Chr13:38205075    8.5676E7     3.8 h       2.7 m       95.8%     4.0 h      10.2 m 
INFO  12:45:17,542 ProgressMeter -  Chr13:40213722   8.5920166E7     3.8 h       2.7 m       96.0%     4.0 h       9.5 m 
INFO  12:45:47,543 ProgressMeter -  Chr13:41836138   8.604968E7     3.8 h       2.7 m       96.2%     4.0 h       9.0 m 
INFO  12:46:17,544 ProgressMeter -  Chr13:43496513   8.6271283E7     3.9 h       2.7 m       96.5%     4.0 h       8.5 m 
INFO  12:46:47,545 ProgressMeter -  Chr13:45102360   8.6504429E7     3.9 h       2.7 m       96.7%     4.0 h       8.0 m 
INFO  12:47:17,546 ProgressMeter -  Chr13:46605962   8.6634772E7     3.9 h       2.7 m       96.9%     4.0 h       7.5 m 
INFO  12:47:47,547 ProgressMeter -  Chr13:48381747   8.6865854E7     3.9 h       2.7 m       97.1%     4.0 h       7.0 m 
INFO  12:48:17,548 ProgressMeter -  Chr13:50301881   8.7062904E7     3.9 h       2.7 m       97.3%     4.0 h       6.4 m 
INFO  12:48:47,549 ProgressMeter -  Chr13:52189700   8.7266834E7     3.9 h       2.7 m       97.6%     4.0 h       5.8 m 
INFO  12:49:17,550 ProgressMeter -  Chr13:54122957   8.745685E7     3.9 h       2.7 m       97.8%     4.0 h       5.2 m 
INFO  12:49:47,551 ProgressMeter -  Chr13:55865427   8.7567251E7     3.9 h       2.7 m       98.1%     4.0 h       4.6 m 
INFO  12:50:27,552 ProgressMeter -  Chr13:58078354   8.7897247E7     3.9 h       2.7 m       98.4%     4.0 h       3.9 m 
INFO  12:51:07,553 ProgressMeter -  Chr13:58320484   8.7897247E7     3.9 h       2.7 m       98.4%     4.0 h       3.8 m 
INFO  12:51:37,554 ProgressMeter -  Chr13:58320484   8.7897247E7     3.9 h       2.7 m       98.4%     4.0 h       3.8 m 
INFO  12:52:07,555 ProgressMeter -  Chr13:58320484   8.7897247E7     4.0 h       2.7 m       98.4%     4.0 h       3.9 m 
INFO  12:52:37,556 ProgressMeter -  Chr13:58320484   8.7897247E7     4.0 h       2.7 m       98.4%     4.0 h       3.9 m 
INFO  12:53:07,557 ProgressMeter -  Chr13:58320484   8.7897247E7     4.0 h       2.7 m       98.4%     4.0 h       3.9 m 
INFO  12:53:37,558 ProgressMeter -  Chr13:58320484   8.7897247E7     4.0 h       2.7 m       98.4%     4.0 h       3.9 m 
INFO  12:54:07,559 ProgressMeter -  Chr13:58320484   8.7897247E7     4.0 h       2.7 m       98.4%     4.1 h       3.9 m 
INFO  12:54:37,561 ProgressMeter -  Chr13:58320484   8.7897247E7     4.0 h       2.7 m       98.4%     4.1 h       3.9 m 
INFO  12:55:07,562 ProgressMeter -  Chr13:58320484   8.7897247E7     4.0 h       2.7 m       98.4%     4.1 h       3.9 m 
INFO  12:55:37,563 ProgressMeter -  Chr13:58320484   8.7897247E7     4.0 h       2.7 m       98.4%     4.1 h       3.9 m 
INFO  12:55:54,983 ProgressMeter -            done   8.7926107E7     4.0 h       2.7 m       98.4%     4.1 h       3.9 m 
INFO  12:55:54,983 ProgressMeter - Total runtime 14458.04 secs, 240.97 min, 4.02 hours 
